<?xml version="1.0" encoding="UTF-8" ?>
<testsuite tests="2" failures="2" name="dao.DvdDaoTest" time="0.007" errors="0" skipped="0">
  <properties>
[...]
</properties>
  <testcase classname="dao.DvdDaoTest" name="dao.DvdDaoTest.testSomeMethod" time="0.005">
    <failure message="The test case is a prototype." type="org.opentest4j.AssertionFailedError">org.opentest4j.AssertionFailedError: The test case is a prototype.
	at org.junit.jupiter.api.AssertionUtils.fail(AssertionUtils.java:39)
	at org.junit.jupiter.api.Assertions.fail(Assertions.java:109)
	at dao.DvdDaoTest.testSomeMethod(DvdDaoTest.java:68)
</failure>
  </testcase>
  <testcase classname="dao.DvdDaoTest" name="dao.DvdDaoTest.testAddGetStudent" time="0.002">
    <failure message="Cannot invoke &quot;dao.DvdDao.addDvd(String, dto.DvD)&quot; because &quot;this.testDao&quot; is null" type="java.lang.NullPointerException">java.lang.NullPointerException: Cannot invoke &quot;dao.DvdDao.addDvd(String, dto.DvD)&quot; because &quot;this.testDao&quot; is null
	at dao.DvdDaoTest.testAddGetStudent(DvdDaoTest.java:86)
</failure>
  </testcase>
</testsuite>